This is pdfTeX, Version 3.14159265-2.6-1.40.16 (TeX Live 2015/Debian) (preloaded format=pdflatex 2017.8.23)  5 JUL 2018 17:57
entering extended mode
 restricted \write18 enabled.
 %&-line parsing enabled.
**reseauFlotsMEsures.tex
(./reseauFlotsMEsures.tex
LaTeX2e <2016/02/01>
Babel <3.9q> and hyphenation patterns for 5 language(s) loaded.
(/usr/share/texlive/texmf-dist/tex/latex/base/book.cls
Document Class: book 2014/09/29 v1.4h Standard LaTeX document class
(/usr/share/texlive/texmf-dist/tex/latex/base/bk12.clo
File: bk12.clo 2014/09/29 v1.4h Standard LaTeX file (size option)
)
\c@part=\count79
\c@chapter=\count80
\c@section=\count81
\c@subsection=\count82
\c@subsubsection=\count83
\c@paragraph=\count84
\c@subparagraph=\count85
\c@figure=\count86
\c@table=\count87
\abovecaptionskip=\skip41
\belowcaptionskip=\skip42
\bibindent=\dimen102
)
(/usr/share/texlive/texmf-dist/tex/latex/base/inputenc.sty
Package: inputenc 2015/03/17 v1.2c Input encoding file
\inpenc@prehook=\toks14
\inpenc@posthook=\toks15

(/usr/share/texlive/texmf-dist/tex/latex/base/latin1.def
File: latin1.def 2015/03/17 v1.2c Input encoding file
))
(/usr/share/texlive/texmf-dist/tex/latex/amsmath/amsmath.sty
Package: amsmath 2016/03/03 v2.15a AMS math features
\@mathmargin=\skip43

For additional information on amsmath, use the `?' option.
(/usr/share/texlive/texmf-dist/tex/latex/amsmath/amstext.sty
Package: amstext 2000/06/29 v2.01 AMS text

(/usr/share/texlive/texmf-dist/tex/latex/amsmath/amsgen.sty
File: amsgen.sty 1999/11/30 v2.0 generic functions
\@emptytoks=\toks16
\ex@=\dimen103
))
(/usr/share/texlive/texmf-dist/tex/latex/amsmath/amsbsy.sty
Package: amsbsy 1999/11/29 v1.2d Bold Symbols
\pmbraise@=\dimen104
)
(/usr/share/texlive/texmf-dist/tex/latex/amsmath/amsopn.sty
Package: amsopn 1999/12/14 v2.01 operator names
)
\inf@bad=\count88
LaTeX Info: Redefining \frac on input line 199.
\uproot@=\count89
\leftroot@=\count90
LaTeX Info: Redefining \overline on input line 297.
\classnum@=\count91
\DOTSCASE@=\count92
LaTeX Info: Redefining \ldots on input line 394.
LaTeX Info: Redefining \dots on input line 397.
LaTeX Info: Redefining \cdots on input line 518.
\Mathstrutbox@=\box26
\strutbox@=\box27
\big@size=\dimen105
LaTeX Font Info:    Redeclaring font encoding OML on input line 630.
LaTeX Font Info:    Redeclaring font encoding OMS on input line 631.
\macc@depth=\count93
\c@MaxMatrixCols=\count94
\dotsspace@=\muskip10
\c@parentequation=\count95
\dspbrk@lvl=\count96
\tag@help=\toks17
\row@=\count97
\column@=\count98
\maxfields@=\count99
\andhelp@=\toks18
\eqnshift@=\dimen106
\alignsep@=\dimen107
\tagshift@=\dimen108
\tagwidth@=\dimen109
\totwidth@=\dimen110
\lineht@=\dimen111
\@envbody=\toks19
\multlinegap=\skip44
\multlinetaggap=\skip45
\mathdisplay@stack=\toks20
LaTeX Info: Redefining \[ on input line 2735.
LaTeX Info: Redefining \] on input line 2736.
)
(/usr/share/texlive/texmf-dist/tex/latex/algorithms/algorithm.sty
Package: algorithm 2009/08/24 v0.1 Document Style `algorithm' - floating enviro
nment

(/usr/share/texlive/texmf-dist/tex/latex/float/float.sty
Package: float 2001/11/08 v1.3d Float enhancements (AL)
\c@float@type=\count100
\float@exts=\toks21
\float@box=\box28
\@float@everytoks=\toks22
\@floatcapt=\box29
)
(/usr/share/texlive/texmf-dist/tex/latex/base/ifthen.sty
Package: ifthen 2014/09/29 v1.1c Standard LaTeX ifthen package (DPC)
)
\@float@every@algorithm=\toks23
\c@algorithm=\count101
)
(/usr/share/texlive/texmf-dist/tex/latex/algorithms/algorithmic.sty
Package: algorithmic 2009/08/24 v0.1 Document Style `algorithmic'

(/usr/share/texlive/texmf-dist/tex/latex/graphics/keyval.sty
Package: keyval 2014/10/28 v1.15 key=value parser (DPC)
\KV@toks@=\toks24
)
\c@ALC@unique=\count102
\c@ALC@line=\count103
\c@ALC@rem=\count104
\c@ALC@depth=\count105
\ALC@tlm=\skip46
\algorithmicindent=\skip47
)
(/usr/share/texlive/texmf-dist/tex/latex/tools/layout.sty
Package: layout 2014/10/28 v1.2c Show layout parameters
\oneinch=\count106
\cnt@paperwidth=\count107
\cnt@paperheight=\count108
\cnt@hoffset=\count109
\cnt@voffset=\count110
\cnt@textheight=\count111
\cnt@textwidth=\count112
\cnt@topmargin=\count113
\cnt@oddsidemargin=\count114
\cnt@evensidemargin=\count115
\cnt@headheight=\count116
\cnt@headsep=\count117
\cnt@marginparsep=\count118
\cnt@marginparwidth=\count119
\cnt@marginparpush=\count120
\cnt@footskip=\count121
\fheight=\count122
\ref@top=\count123
\ref@hoffset=\count124
\ref@voffset=\count125
\ref@head=\count126
\ref@body=\count127
\ref@foot=\count128
\ref@margin=\count129
\ref@marginwidth=\count130
\ref@marginpar=\count131
\Interval=\count132
\ExtraYPos=\count133
\PositionX=\count134
\PositionY=\count135
\ArrowLength=\count136
)
(/usr/share/texlive/texmf-dist/tex/latex/geometry/geometry.sty
Package: geometry 2010/09/12 v5.6 Page Geometry

(/usr/share/texlive/texmf-dist/tex/generic/oberdiek/ifpdf.sty
Package: ifpdf 2011/01/30 v2.3 Provides the ifpdf switch (HO)
Package ifpdf Info: pdfTeX in PDF mode is detected.
)
(/usr/share/texlive/texmf-dist/tex/generic/oberdiek/ifvtex.sty
Package: ifvtex 2010/03/01 v1.5 Detect VTeX and its facilities (HO)
Package ifvtex Info: VTeX not detected.
)
(/usr/share/texlive/texmf-dist/tex/generic/ifxetex/ifxetex.sty
Package: ifxetex 2010/09/12 v0.6 Provides ifxetex conditional
)
\Gm@cnth=\count137
\Gm@cntv=\count138
\c@Gm@tempcnt=\count139
\Gm@bindingoffset=\dimen112
\Gm@wd@mp=\dimen113
\Gm@odd@mp=\dimen114
\Gm@even@mp=\dimen115
\Gm@layoutwidth=\dimen116
\Gm@layoutheight=\dimen117
\Gm@layouthoffset=\dimen118
\Gm@layoutvoffset=\dimen119
\Gm@dimlist=\toks25
)
(/usr/share/texlive/texmf-dist/tex/latex/setspace/setspace.sty
Package: setspace 2011/12/19 v6.7a set line spacing
)
(/usr/share/texlive/texmf-dist/tex/latex/soul/soul.sty
Package: soul 2003/11/17 v2.4 letterspacing/underlining (mf)
\SOUL@word=\toks26
\SOUL@lasttoken=\toks27
\SOUL@cmds=\toks28
\SOUL@buffer=\toks29
\SOUL@token=\toks30
\SOUL@spaceskip=\skip48
\SOUL@ttwidth=\dimen120
\SOUL@uldp=\dimen121
\SOUL@ulht=\dimen122
)
(/usr/share/texlive/texmf-dist/tex/latex/graphics/color.sty
Package: color 2016/01/03 v1.1b Standard LaTeX Color (DPC)

(/usr/share/texlive/texmf-dist/tex/latex/latexconfig/color.cfg
File: color.cfg 2007/01/18 v1.5 color configuration of teTeX/TeXLive
)
Package color Info: Driver file: pdftex.def on input line 143.

(/usr/share/texlive/texmf-dist/tex/latex/pdftex-def/pdftex.def
File: pdftex.def 2011/05/27 v0.06d Graphics/color for pdfTeX

(/usr/share/texlive/texmf-dist/tex/generic/oberdiek/infwarerr.sty
Package: infwarerr 2010/04/08 v1.3 Providing info/warning/error messages (HO)
)
(/usr/share/texlive/texmf-dist/tex/generic/oberdiek/ltxcmds.sty
Package: ltxcmds 2011/11/09 v1.22 LaTeX kernel commands for general use (HO)
)
\Gread@gobject=\count140
))
(/usr/share/texlive/texmf-dist/tex/latex/tools/verbatim.sty
Package: verbatim 2014/10/28 v1.5q LaTeX2e package for verbatim enhancements
\every@verbatim=\toks31
\verbatim@line=\toks32
\verbatim@in@stream=\read1
)
(/usr/share/texlive/texmf-dist/tex/latex/moreverb/moreverb.sty
Package: moreverb 2008/06/03 v2.3a `more' verbatim facilities
\tab@position=\count141
\tab@size=\count142
\listing@line=\count143
)
(/usr/share/texlive/texmf-dist/tex/latex/listings/listings.sty
\lst@mode=\count144
\lst@gtempboxa=\box30
\lst@token=\toks33
\lst@length=\count145
\lst@currlwidth=\dimen123
\lst@column=\count146
\lst@pos=\count147
\lst@lostspace=\dimen124
\lst@width=\dimen125
\lst@newlines=\count148
\lst@lineno=\count149
\lst@maxwidth=\dimen126

(/usr/share/texlive/texmf-dist/tex/latex/listings/lstmisc.sty
File: lstmisc.sty 2015/06/04 1.6 (Carsten Heinz)
\c@lstnumber=\count150
\lst@skipnumbers=\count151
\lst@framebox=\box31
)
(/usr/share/texlive/texmf-dist/tex/latex/listings/listings.cfg
File: listings.cfg 2015/06/04 1.6 listings configuration
))
Package: listings 2015/06/04 1.6 (Carsten Heinz)

(/usr/share/texlive/texmf-dist/tex/latex/url/url.sty
\Urlmuskip=\muskip11
Package: url 2013/09/16  ver 3.4  Verb mode for urls, etc.
)
(/usr/share/texlive/texmf-dist/tex/latex/graphics/graphicx.sty
Package: graphicx 2014/10/28 v1.0g Enhanced LaTeX Graphics (DPC,SPQR)

(/usr/share/texlive/texmf-dist/tex/latex/graphics/graphics.sty
Package: graphics 2016/01/03 v1.0q Standard LaTeX Graphics (DPC,SPQR)

(/usr/share/texlive/texmf-dist/tex/latex/graphics/trig.sty
Package: trig 2016/01/03 v1.10 sin cos tan (DPC)
)
(/usr/share/texlive/texmf-dist/tex/latex/latexconfig/graphics.cfg
File: graphics.cfg 2010/04/23 v1.9 graphics configuration of TeX Live
)
Package graphics Info: Driver file: pdftex.def on input line 95.
)
\Gin@req@height=\dimen127
\Gin@req@width=\dimen128
)
(/usr/share/texlive/texmf-dist/tex/latex/oberdiek/epstopdf.sty
Package: epstopdf 2010/02/09 v2.5 Conversion with epstopdf on the fly (HO)

(/usr/share/texlive/texmf-dist/tex/latex/oberdiek/epstopdf-base.sty
Package: epstopdf-base 2010/02/09 v2.5 Base part for package epstopdf

(/usr/share/texlive/texmf-dist/tex/latex/oberdiek/grfext.sty
Package: grfext 2010/08/19 v1.1 Manage graphics extensions (HO)

(/usr/share/texlive/texmf-dist/tex/generic/oberdiek/kvdefinekeys.sty
Package: kvdefinekeys 2011/04/07 v1.3 Define keys (HO)
))
(/usr/share/texlive/texmf-dist/tex/latex/oberdiek/kvoptions.sty
Package: kvoptions 2011/06/30 v3.11 Key value format for package options (HO)

(/usr/share/texlive/texmf-dist/tex/generic/oberdiek/kvsetkeys.sty
Package: kvsetkeys 2012/04/25 v1.16 Key value parser (HO)

(/usr/share/texlive/texmf-dist/tex/generic/oberdiek/etexcmds.sty
Package: etexcmds 2011/02/16 v1.5 Avoid name clashes with e-TeX commands (HO)

(/usr/share/texlive/texmf-dist/tex/generic/oberdiek/ifluatex.sty
Package: ifluatex 2010/03/01 v1.3 Provides the ifluatex switch (HO)
Package ifluatex Info: LuaTeX not detected.
)
Package etexcmds Info: Could not find \expanded.
(etexcmds)             That can mean that you are not using pdfTeX 1.50 or
(etexcmds)             that some package has redefined \expanded.
(etexcmds)             In the latter case, load this package earlier.
)))
(/usr/share/texlive/texmf-dist/tex/generic/oberdiek/pdftexcmds.sty
Package: pdftexcmds 2011/11/29 v0.20 Utility functions of pdfTeX for LuaTeX (HO
)
Package pdftexcmds Info: LuaTeX not detected.
Package pdftexcmds Info: \pdf@primitive is available.
Package pdftexcmds Info: \pdf@ifprimitive is available.
Package pdftexcmds Info: \pdfdraftmode found.
)
Package grfext Info: Graphics extension search list:
(grfext)             [.png,.pdf,.jpg,.mps,.jpeg,.jbig2,.jb2,.PNG,.PDF,.JPG,.JPE
G,.JBIG2,.JB2,.eps]
(grfext)             \AppendGraphicsExtensions on input line 452.

(/usr/share/texlive/texmf-dist/tex/latex/latexconfig/epstopdf-sys.cfg
File: epstopdf-sys.cfg 2010/07/13 v1.3 Configuration of (r)epstopdf for TeX Liv
e
)))
(/usr/share/texlive/texmf-dist/tex/latex/caption/caption.sty
Package: caption 2016/02/21 v3.3-144 Customizing captions (AR)

(/usr/share/texlive/texmf-dist/tex/latex/caption/caption3.sty
Package: caption3 2016/02/04 v1.7-139 caption3 kernel (AR)
Package caption3 Info: TeX engine: e-TeX on input line 67.
\captionmargin=\dimen129
\captionmargin@=\dimen130
\captionwidth=\dimen131
\caption@tempdima=\dimen132
\caption@indent=\dimen133
\caption@parindent=\dimen134
\caption@hangindent=\dimen135
)
\c@ContinuedFloat=\count152
Package caption Info: float package is loaded.
Package caption Info: listings package is loaded.
)
(/usr/share/texlive/texmf-dist/tex/latex/amsfonts/amssymb.sty
Package: amssymb 2013/01/14 v3.01 AMS font symbols

(/usr/share/texlive/texmf-dist/tex/latex/amsfonts/amsfonts.sty
Package: amsfonts 2013/01/14 v3.01 Basic AMSFonts support
\symAMSa=\mathgroup4
\symAMSb=\mathgroup5
LaTeX Font Info:    Overwriting math alphabet `\mathfrak' in version `bold'
(Font)                  U/euf/m/n --> U/euf/b/n on input line 106.
))
(/usr/share/texlive/texmf-dist/tex/latex/placeins/placeins.sty
Package: placeins 2005/04/18  v 2.2
)
(/usr/share/texlive/texmf-dist/tex/latex/fancyhdr/fancyhdr.sty
\fancy@headwidth=\skip49
\f@ncyO@elh=\skip50
\f@ncyO@erh=\skip51
\f@ncyO@olh=\skip52
\f@ncyO@orh=\skip53
\f@ncyO@elf=\skip54
\f@ncyO@erf=\skip55
\f@ncyO@olf=\skip56
\f@ncyO@orf=\skip57
)
\c@subsubsubsection=\count153
\c@definition=\count154
\c@theorem=\count155
\c@property=\count156
\c@observation=\count157
\c@example=\count158
\c@remark=\count159
\c@Proof=\count160

(./reseauFlotsMEsures.aux)
\openout1 = `reseauFlotsMEsures.aux'.

LaTeX Font Info:    Checking defaults for OML/cmm/m/it on input line 91.
LaTeX Font Info:    ... okay on input line 91.
LaTeX Font Info:    Checking defaults for T1/cmr/m/n on input line 91.
LaTeX Font Info:    ... okay on input line 91.
LaTeX Font Info:    Checking defaults for OT1/cmr/m/n on input line 91.
LaTeX Font Info:    ... okay on input line 91.
LaTeX Font Info:    Checking defaults for OMS/cmsy/m/n on input line 91.
LaTeX Font Info:    ... okay on input line 91.
LaTeX Font Info:    Checking defaults for OMX/cmex/m/n on input line 91.
LaTeX Font Info:    ... okay on input line 91.
LaTeX Font Info:    Checking defaults for U/cmr/m/n on input line 91.
LaTeX Font Info:    ... okay on input line 91.

*geometry* driver: auto-detecting
*geometry* detected driver: pdftex
*geometry* verbose mode - [ preamble ] result:
* driver: pdftex
* paper: <default>
* layout: <same size as paper>
* layoutoffset:(h,v)=(0.0pt,0.0pt)
* modes: twoside 
* h-part:(L,W,R)=(56.9055pt, 500.484pt, 56.9055pt)
* v-part:(T,H,B)=(56.9055pt, 681.15898pt, 56.9055pt)
* \paperwidth=614.295pt
* \paperheight=794.96999pt
* \textwidth=500.484pt
* \textheight=681.15898pt
* \oddsidemargin=-15.36449pt
* \evensidemargin=-15.36449pt
* \topmargin=-47.23828pt
* \headheight=12.0pt
* \headsep=19.8738pt
* \topskip=12.0pt
* \footskip=30.0pt
* \marginparwidth=98.0pt
* \marginparsep=7.0pt
* \columnsep=10.0pt
* \skip\footins=10.8pt plus 4.0pt minus 2.0pt
* \hoffset=0.0pt
* \voffset=0.0pt
* \mag=1000
* \@twocolumnfalse
* \@twosidetrue
* \@mparswitchtrue
* \@reversemarginfalse
* (1in=72.27pt=25.4mm, 1cm=28.453pt)

(/usr/share/texlive/texmf-dist/tex/context/base/supp-pdf.mkii
[Loading MPS to PDF converter (version 2006.09.02).]
\scratchcounter=\count161
\scratchdimen=\dimen136
\scratchbox=\box32
\nofMPsegments=\count162
\nofMParguments=\count163
\everyMPshowfont=\toks34
\MPscratchCnt=\count164
\MPscratchDim=\dimen137
\MPnumerator=\count165
\makeMPintoPDFobject=\count166
\everyMPtoPDFconversion=\toks35
)
\c@lstlisting=\count167
Package caption Info: Begin \AtBeginDocument code.
Package caption Info: End \AtBeginDocument code.
LaTeX Font Info:    Try loading font information for U+msa on input line 92.
 (/usr/share/texlive/texmf-dist/tex/latex/amsfonts/umsa.fd
File: umsa.fd 2013/01/14 v3.01 AMS symbols A
)
LaTeX Font Info:    Try loading font information for U+msb on input line 92.

(/usr/share/texlive/texmf-dist/tex/latex/amsfonts/umsb.fd
File: umsb.fd 2013/01/14 v3.01 AMS symbols B
)
LaTeX Font Info:    Try loading font information for OML+cmr on input line 92.

(/usr/share/texlive/texmf-dist/tex/latex/base/omlcmr.fd
File: omlcmr.fd 2014/09/29 v2.5h Standard LaTeX font definitions
)
LaTeX Font Info:    Font shape `OML/cmr/m/it' in size <14.4> not available
(Font)              Font shape `OML/cmm/m/it' tried instead on input line 92.
 [1


{/var/lib/texmf/fonts/map/pdftex/updmap/pdftex.map}] [2

] (./reseauFlotsMEsures.toc)
\tf@toc=\write3
\openout3 = `reseauFlotsMEsures.toc'.

 [3] [4

]
Chapter 1.
(./reseauFlotsIntroductionChapitreReseauFlots.tex)
(./reseauFlotsTopologieReseauElectrique.tex
LaTeX Font Info:    Try loading font information for OMS+cmr on input line 10.

(/usr/share/texlive/texmf-dist/tex/latex/base/omscmr.fd
File: omscmr.fd 2014/09/29 v2.5h Standard LaTeX font definitions
)
LaTeX Font Info:    Font shape `OMS/cmr/m/n' in size <12> not available
(Font)              Font shape `OMS/cmsy/m/n' tried instead on input line 10.
 [5]
</home/willy/Documents/latexDoc/redaction/fusion_fichiers/images_fusionChapitre
s/ReseauFlotsExempleArmoiresTableauxElectriques_okken_PCC.jpg, id=24, 200.75pt 
x 132.495pt>
File: /home/willy/Documents/latexDoc/redaction/fusion_fichiers/images_fusionCha
pitres/ReseauFlotsExempleArmoiresTableauxElectriques_okken_PCC.jpg Graphic file
 (type jpg)

<use /home/willy/Documents/latexDoc/redaction/fusion_fichiers/images_fusionChap
itres/ReseauFlotsExempleArmoiresTableauxElectriques_okken_PCC.jpg>
Package pdftex.def Info: /home/willy/Documents/latexDoc/redaction/fusion_fichie
rs/images_fusionChapitres/ReseauFlotsExempleArmoiresTableauxElectriques_okken_P
CC.jpg used on input line 40.
(pdftex.def)             Requested size: 240.89877pt x 158.99318pt.

</home/willy/Documents/latexDoc/redaction/fusion_fichiers/images_fusionChapitre
s/ReseauFlotsExemple_Baie_serveurs.jpg, id=25, 477.785pt x 359.3425pt>
File: /home/willy/Documents/latexDoc/redaction/fusion_fichiers/images_fusionCha
pitres/ReseauFlotsExemple_Baie_serveurs.jpg Graphic file (type jpg)

<use /home/willy/Documents/latexDoc/redaction/fusion_fichiers/images_fusionChap
itres/ReseauFlotsExemple_Baie_serveurs.jpg>
Package pdftex.def Info: /home/willy/Documents/latexDoc/redaction/fusion_fichie
rs/images_fusionChapitres/ReseauFlotsExemple_Baie_serveurs.jpg used on input li
ne 40.
(pdftex.def)             Requested size: 238.8919pt x 179.6708pt.

Overfull \hbox (3.30669pt too wide) in paragraph at lines 39--42
[][] 
 []

) (./reseauFlotsGrapheFlots.tex)
(./reseauFlotsConclusionDatacenterGrapheFlots.tex
Underfull \hbox (badness 10000) in paragraph at lines 1--2

 []

[6 </home/willy/Documents/latexDoc/redaction/fusion_fichiers/images_fusionChapi
tres/ReseauFlotsExempleArmoiresTableauxElectriques_okken_PCC.jpg> </home/willy/
Documents/latexDoc/redaction/fusion_fichiers/images_fusionChapitres/ReseauFlots
Exemple_Baie_serveurs.jpg>]) (./reseauFlotsDescriptionGrapheFlots.tex [7])
(./reseauFlotsGrandeursFlotsContraintesPhysiques.tex)
(./reseauFlotsGrandeursPhysiques.tex) (./reseauFlotsCapaciteArc.tex)
(./reseauFlotsDescriptionFlot.tex [8]
LaTeX Font Info:    Font shape `OMS/cmr/m/it' in size <12> not available
(Font)              Font shape `OMS/cmsy/m/n' tried instead on input line 13.
) (./reseauFlotsConstraintesFlots.tex

LaTeX Warning: Citation `loiDeConservation' on page 9 undefined on input line 3
6.

) (./reseauFlotsDescriptionVerifCorrel.tex [9]
Underfull \hbox (badness 10000) in paragraph at lines 18--25

 []

) (./reseauFlotsConclusionModelisation.tex
Underfull \hbox (badness 10000) in paragraph at lines 27--2

 []

) (./reseauFlotsEtatArtReconstructionTopologie.tex [10]

LaTeX Warning: Citation `OpenView' on page 11 undefined on input line 16.


LaTeX Warning: Citation `rfc792' on page 11 undefined on input line 18.


LaTeX Warning: Citation `rfc2821' on page 11 undefined on input line 18.


LaTeX Warning: Citation `Breitbart:2004:TDH:1008463.1008464' on page 11 undefin
ed on input line 20.


LaTeX Warning: Citation `netInventory' on page 11 undefined on input line 20.


LaTeX Warning: Citation `QinKuangyuChunquan2010' on page 11 undefined on input 
line 26.


LaTeX Warning: Citation `SAEED2015104' on page 11 undefined on input line 28.


LaTeX Warning: Citation `AhmedRafatAbouchabaka2014' on page 11 undefined on inp
ut line 29.


Overfull \hbox (18.69064pt too wide) in paragraph at lines 12--31
\OT1/cmr/m/n/12 De m^eme, l'algorithme pro-pos^^Se par \OT1/cmr/m/it/12 Kuangyu
 Qin \OT1/cmr/m/n/12 [[]] est bas^^Se sur \OT1/cmr/m/it/12 SNMP \OT1/cmr/m/n/12
 et sup-pose que l'administrateur
 []


Underfull \hbox (badness 10000) in paragraph at lines 12--31

 []

[11]

LaTeX Warning: Citation `ghitaArgyrakiThiran2010' on page 12 undefined on input
 line 42.


LaTeX Warning: Citation `ghitaArgyrakiThiran2010' on page 12 undefined on input
 line 51.


LaTeX Warning: Citation `adamsBuFreidmanHorowitz2000' on page 12 undefined on i
nput line 52.


LaTeX Warning: Citation `aryaDuffieldVeitch2008' on page 12 undefined on input 
line 52.


LaTeX Warning: Citation `buDuffieldPrestiTowsley2002' on page 12 undefined on i
nput line 52.


LaTeX Warning: Citation `caceresDuffieldHorowistzTowsley1999' on page 12 undefi
ned on input line 52.


LaTeX Warning: Citation `chenCaoBu2007' on page 12 undefined on input line 53.


LaTeX Warning: Citation `nGDuffield2006' on page 12 undefined on input line 56.



LaTeX Warning: Citation `padmanabhanQiuWang2003' on page 12 undefined on input 
line 56.


LaTeX Warning: Citation `sommerBarfordDuffieldRon2007' on page 12 undefined on 
input line 56.


LaTeX Warning: Citation `zhaoChenBindel2006' on page 12 undefined on input line
 56.


LaTeX Warning: Citation `padmanabhanQiuWang2003' on page 12 undefined on input 
line 58.


LaTeX Warning: Citation `nGDuffield2006' on page 12 undefined on input line 58.



LaTeX Warning: Citation `ghitaArgyrakiThiran2010' on page 12 undefined on input
 line 63.


LaTeX Warning: Citation `nGDuffield2006' on page 12 undefined on input line 63.



LaTeX Warning: Citation `padmanabhanQiuWang2003' on page 12 undefined on input 
line 63.


LaTeX Warning: Citation `sommerBarfordDuffieldRon2007' on page 12 undefined on 
input line 63.


LaTeX Warning: Citation `zhaoChenBindel2006' on page 12 undefined on input line
 63.


LaTeX Warning: Citation `coatesCastroNowak2002' on page 12 undefined on input l
ine 70.


LaTeX Warning: Citation `andrieuDoucetFitzgerald2000bayesian' on page 12 undefi
ned on input line 70.


LaTeX Warning: Citation `bestavrosAzerByers2005inference' on page 12 undefined 
on input line 70.

[12]

LaTeX Warning: Citation `vardi1996' on page 13 undefined on input line 74.


LaTeX Warning: Citation `caoDavisWielYu2000' on page 13 undefined on input line
 74.


LaTeX Warning: Citation `singalMichailidis2007' on page 13 undefined on input l
ine 77.


LaTeX Warning: Citation `vardi1996' on page 13 undefined on input line 79.


LaTeX Warning: Citation `singalMichailidis2007' on page 13 undefined on input l
ine 79.


LaTeX Warning: Citation `caoDavisWielYu2000' on page 13 undefined on input line
 79.


LaTeX Warning: Citation `singalMichailidis2007' on page 13 undefined on input l
ine 80.


Underfull \hbox (badness 10000) in paragraph at lines 72--82

 []


LaTeX Warning: Citation `chaudhary2016network' on page 13 undefined on input li
ne 88.


LaTeX Warning: Citation `cincotta1995astronomical' on page 13 undefined on inpu
t line 91.


LaTeX Warning: Citation `hurley2011methods' on page 13 undefined on input line 
91.


LaTeX Warning: Citation `mohanty2000robust' on page 13 undefined on input line 
91.

) (./reseauFlotsConclusionEtatDeLartReconstruction.tex
Underfull \hbox (badness 10000) in paragraph at lines 88--13

 []

[13]) (./reseauFlotsProblematique.tex [14])
(./reseauFlotsConclusionChapitre.tex) [15] (./reseauFlotsMEsures.aux)

LaTeX Warning: There were undefined references.

 ) 
Here is how much of TeX's memory you used:
 6365 strings out of 494910
 93767 string characters out of 6179836
 167012 words of memory out of 5000000
 9485 multiletter control sequences out of 15000+600000
 14021 words of font info for 53 fonts, out of 8000000 for 9000
 36 hyphenation exceptions out of 8191
 42i,13n,43p,826b,331s stack positions out of 5000i,500n,10000p,200000b,80000s
</usr/share/texlive/texmf-dist/fonts/type1/public/amsfonts/cm/cmbx12.pfb></us
r/share/texlive/texmf-dist/fonts/type1/public/amsfonts/cm/cmex10.pfb></usr/shar
e/texlive/texmf-dist/fonts/type1/public/amsfonts/cm/cmmi12.pfb></usr/share/texl
ive/texmf-dist/fonts/type1/public/amsfonts/cm/cmmi6.pfb></usr/share/texlive/tex
mf-dist/fonts/type1/public/amsfonts/cm/cmmi8.pfb></usr/share/texlive/texmf-dist
/fonts/type1/public/amsfonts/cm/cmr12.pfb></usr/share/texlive/texmf-dist/fonts/
type1/public/amsfonts/cm/cmr17.pfb></usr/share/texlive/texmf-dist/fonts/type1/p
ublic/amsfonts/cm/cmr6.pfb></usr/share/texlive/texmf-dist/fonts/type1/public/am
sfonts/cm/cmr8.pfb></usr/share/texlive/texmf-dist/fonts/type1/public/amsfonts/c
m/cmsl12.pfb></usr/share/texlive/texmf-dist/fonts/type1/public/amsfonts/cm/cmsy
10.pfb></usr/share/texlive/texmf-dist/fonts/type1/public/amsfonts/cm/cmsy6.pfb>
</usr/share/texlive/texmf-dist/fonts/type1/public/amsfonts/cm/cmsy8.pfb></usr/s
hare/texlive/texmf-dist/fonts/type1/public/amsfonts/cm/cmti12.pfb>
Output written on reseauFlotsMEsures.pdf (15 pages, 300666 bytes).
PDF statistics:
 111 PDF objects out of 1000 (max. 8388607)
 77 compressed objects within 1 object stream
 0 named destinations out of 1000 (max. 500000)
 11 words of extra memory for PDF output out of 10000 (max. 10000000)

